Shuffling the deck
cut at 39
cut at 22
cut at 33
cut at 37
cut at 38
cut at 37
cut at 38

King of Spades
Three of Diamonds
Six of Diamonds
Four of Spades
Ten of Hearts
King of Hearts
Ace of Clubs
Seven of Hearts
Three of Clubs
Jack of Spades
Eight of Diamonds
Eight of Clubs
Two of Spades
Nine of Spades
Jack of Hearts
Ten of Diamonds
Jack of Diamonds
Ace of Spades
Eight of Spades
Four of Hearts
Ace of Diamonds
Ace of Hearts
Queen of Hearts
Six of Spades
Four of Clubs
Five of Clubs
Nine of Diamonds
Nine of Clubs
Three of Spades
King of Diamonds
Queen of Diamonds
Five of Diamonds
Two of Hearts
Eight of Hearts
Six of Clubs
Ten of Clubs
Four of Diamonds
Two of Clubs
Queen of Spades
Five of Hearts
Three of Hearts
Seven of Diamonds
Seven of Clubs
Jack of Clubs
Two of Diamonds
Five of Spades
Nine of Hearts
Queen of Clubs
Ten of Spades
Six of Hearts
Seven of Spades
King of Clubs

Hand 1 bankroll 100
Player bets 5
Player dealt King of Spades
Dealer dealt Three of Diamonds
Player dealt Six of Diamonds
Player's total is 16
Dealer's hole card is Four of Spades
Dealer dealt Ten of Hearts
Dealer's total is 17
Dealer wins
Hand 2 bankroll 95
Player bets 5
Player dealt King of Hearts
Dealer dealt Ace of Clubs
Player dealt Seven of Hearts
Player's total is 17
Dealer's hole card is Three of Clubs
Dealer dealt Jack of Spades
Dealer dealt Eight of Diamonds
Dealer's total is 22
Dealer busts
Hand 3 bankroll 100
Player bets 5
Player dealt Eight of Clubs
Dealer dealt Two of Spades
Player dealt Nine of Spades
Player's total is 17
Dealer's hole card is Jack of Hearts
Dealer dealt Ten of Diamonds
Dealer's total is 22
Dealer busts
Player has 105 after 3 hands
